<?xml version="1.0" encoding="UTF-8"?>
<!-- Generated by org.testng.reporters.JUnitReportReporter -->
<testsuite hostname="DESKTOP-Q58O086" name="com.testnowjavasample.Login.RegisteringWithNewUserName" tests="1" failures="0" timestamp="7 Mar 2016 17:07:34 GMT" time="0.000" errors="0">
  <testcase name="RegisteringWithNewUserName" time="0.000" classname="com.testnowjavasample.Login.RegisteringWithNewUserName"/>
</testsuite> <!-- com.testnowjavasample.Login.RegisteringWithNewUserName -->
