<?xml version="1.0" encoding="UTF-8"?>
<!-- Generated by org.testng.reporters.JUnitReportReporter -->
<testsuite hostname="DESKTOP-Q58O086" name="com.testnowjavasample.Login.RegisteringWithExistingUserName" tests="1" failures="0" timestamp="7 Mar 2016 17:07:34 GMT" time="0.001" errors="0">
  <testcase name="RegisteringWithExistingUserName" time="0.001" classname="com.testnowjavasample.Login.RegisteringWithExistingUserName"/>
</testsuite> <!-- com.testnowjavasample.Login.RegisteringWithExistingUserName -->
