<?xml version="1.0" encoding="UTF-8"?>
<!-- Generated by org.testng.reporters.JUnitReportReporter -->
<testsuite hostname="DESKTOP-Q58O086" name="com.testnowjavasample.Login.InvalidLoginTest" tests="1" failures="0" timestamp="7 Mar 2016 17:07:34 GMT" time="0.002" errors="0">
  <testcase name="InvalidLoginTest" time="0.002" classname="com.testnowjavasample.Login.InvalidLoginTest"/>
</testsuite> <!-- com.testnowjavasample.Login.InvalidLoginTest -->
